{
  "stats": {
    "suites": 0,
    "tests": 4,
    "passes": 1,
    "pending": 1,
    "failures": 2,
    "start": "2023-01-09T13:47:34.126Z",
    "end": "2023-01-09T13:48:06.966Z",
    "duration": 32840,
    "testsRegistered": 5,
    "passPercent": 25,
    "pendingPercent": 20,
    "other": 1,
    "hasOther": true,
    "skipped": 1,
    "hasSkipped": true
  },
  "results": [
    {
      "uuid": "052100a1-c726-45de-b9b3-05cdcb0a5776",
      "title": "",
      "fullFile": "cypress\\e2e\\test_tetrapak.cy.js",
      "file": "cypress\\e2e\\test_tetrapak.cy.js",
      "beforeHooks": [],
      "afterHooks": [],
      "tests": [
        {
          "title": "login credenziali corrette",
          "fullTitle": "login credenziali corrette",
          "timedOut": null,
          "duration": 11299,
          "state": "failed",
          "speed": null,
          "pass": false,
          "fail": true,
          "pending": false,
          "context": null,
          "code": "//TEST1:LOGIN\n// cy.getCookies()\ncy.session('login', () => {\n  cy.visit('https://ta-dpo-aks-test-01.westeurope.cloudapp.azure.com/oiadp-portal');\n  cy.get('.login-pf-page');\n  cy.contains('Username o email');\n  cy.contains('Password');\n  cy.get('#username').type('testaccount');\n  cy.get('#password').type('userT@1234');\n  cy.get('#togglePassword').click();\n  cy.contains('Password dimenticata?');\n  cy.wait(1000);\n  cy.contains('Accedi').click();\n  cy.contains('Welcome');\n  //cy.url().should('contain', '/login-successful')\n  // cy.contains('Available Applications')\n  //  cy.contains('Material Modeler')\n  //  cy.contains('Open App').click()\n  //  cy.contains('Material Modeler')\n});",
          "err": {
            "message": "AssertionError: Timed out retrying after 5000ms: Expected to find content: 'Welcome' but never did.\n\nThis error occurred while creating the session. Because the session setup failed, we failed the test.",
            "estack": "AssertionError: Timed out retrying after 5000ms: Expected to find content: 'Welcome' but never did.\n\nThis error occurred while creating the session. Because the session setup failed, we failed the test.\n    at Object.eval [as setup] (webpack:///./cypress/e2e/test_tetrapak.cy.js:33:7)",
            "diff": null
          },
          "uuid": "fb777212-d268-4e34-a608-a3c3ab4e26c0",
          "parentUUID": "052100a1-c726-45de-b9b3-05cdcb0a5776",
          "isHook": false,
          "skipped": false
        },
        {
          "title": "login password corretta,username sbagliata",
          "fullTitle": "login password corretta,username sbagliata",
          "timedOut": null,
          "duration": 0,
          "state": "pending",
          "speed": null,
          "pass": false,
          "fail": false,
          "pending": false,
          "context": null,
          "code": "//TEST2:LOGIN\ncy.visit('https://ta-dpo-aks-test-01.westeurope.cloudapp.azure.com/oiadp-portal');\n// cy.getCookies()\n// cy.contains('Username o email')\n// cy.contains('Password')\ncy.get('#username').type('testaccount1');\ncy.get('#password').type('userT@1234');\n//cy.get('#togglePassword').click()\ncy.wait(1000);\ncy.get('#kc-login').click();\ncy.contains('Username o password non validi');",
          "err": {},
          "uuid": "af2e93a3-1a68-4d60-a005-029dccfcb197",
          "parentUUID": "052100a1-c726-45de-b9b3-05cdcb0a5776",
          "isHook": false,
          "skipped": true
        },
        {
          "title": "login password sbagliata, username corretta",
          "fullTitle": "login password sbagliata, username corretta",
          "timedOut": null,
          "duration": 10211,
          "state": "failed",
          "speed": null,
          "pass": false,
          "fail": true,
          "pending": false,
          "context": null,
          "code": "cy.visit('https://ta-dpo-aks-test-01.westeurope.cloudapp.azure.com/oiadp-portal');\n//  cy.contains('Username o email')\n//  cy.contains('Password')\ncy.get('#username').type('testaccount');\ncy.get('#password').type('userT@12345');\n//  cy.get('#togglePassword').click()\ncy.wait(1000);\ncy.get('#kc-login').click();\ncy.contains('Ciao'); //test fallito",
          "err": {
            "message": "AssertionError: Timed out retrying after 5000ms: Expected to find content: 'Ciao' but never did.",
            "estack": "AssertionError: Timed out retrying after 5000ms: Expected to find content: 'Ciao' but never did.\n    at Context.eval (webpack:///./cypress/e2e/test_tetrapak.cy.js:82:16)",
            "diff": null
          },
          "uuid": "7d995b56-9f5b-441b-9a4c-b6b4894a436d",
          "parentUUID": "052100a1-c726-45de-b9b3-05cdcb0a5776",
          "isHook": false,
          "skipped": false
        },
        {
          "title": "Material Modeler",
          "fullTitle": "Material Modeler",
          "timedOut": null,
          "duration": 7609,
          "state": "failed",
          "speed": null,
          "pass": false,
          "fail": true,
          "pending": false,
          "context": null,
          "code": "//TEST4:Material Modeler\n// cy.getCookies()\n//cy.session(username, () => {\ncy.visit('https://ta-dpo-aks-test-01.westeurope.cloudapp.azure.com/oiadp-portal/material-modeler#/');\n// cy.get('.active > img').click()\ncy.contains('Available Applications');\ncy.contains('Material Modeler');\ncy.contains('Open App').click();\ncy.contains('Material Modeler');",
          "err": {
            "message": "AssertionError: Timed out retrying after 5000ms: Expected to find content: 'Available Applications' but never did.",
            "estack": "AssertionError: Timed out retrying after 5000ms: Expected to find content: 'Available Applications' but never did.\n    at Context.eval (webpack:///./cypress/e2e/test_tetrapak.cy.js:97:11)",
            "diff": null
          },
          "uuid": "387a215b-63ab-4fb1-9445-72bbd9030517",
          "parentUUID": "052100a1-c726-45de-b9b3-05cdcb0a5776",
          "isHook": false,
          "skipped": false
        },
        {
          "title": "Password dimenticata",
          "fullTitle": "Password dimenticata",
          "timedOut": null,
          "duration": 1365,
          "state": "passed",
          "speed": "fast",
          "pass": true,
          "fail": false,
          "pending": false,
          "context": null,
          "code": "//cy.getCookies()\ncy.visit('https://ta-dpo-aks-test-01.westeurope.cloudapp.azure.com/oiadp-portal/material-modeler#/');\ncy.get('#reset-password').click();\ncy.contains('Email');\ncy.contains('Please enter your email address to reset your password. If you are having trouble to reset your password please contact your local admin.');\ncy.contains('Invia');",
          "err": {},
          "uuid": "97055bf6-fc15-46b7-a66f-a54932e89866",
          "parentUUID": "052100a1-c726-45de-b9b3-05cdcb0a5776",
          "isHook": false,
          "skipped": false
        }
      ],
      "suites": [],
      "passes": [
        "97055bf6-fc15-46b7-a66f-a54932e89866"
      ],
      "failures": [
        "fb777212-d268-4e34-a608-a3c3ab4e26c0",
        "7d995b56-9f5b-441b-9a4c-b6b4894a436d",
        "387a215b-63ab-4fb1-9445-72bbd9030517"
      ],
      "pending": [],
      "skipped": [
        "af2e93a3-1a68-4d60-a005-029dccfcb197"
      ],
      "duration": 30484,
      "root": true,
      "rootEmpty": false,
      "_timeout": 2000
    }
  ],
  "meta": {
    "mocha": {
      "version": "7.0.1"
    },
    "mochawesome": {
      "options": {
        "quiet": false,
        "reportFilename": "mochawesome",
        "saveHtml": false,
        "saveJson": true,
        "consoleReporter": "spec",
        "useInlineDiffs": false,
        "code": true
      },
      "version": "7.1.3"
    },
    "marge": {
      "options": {
        "charts": true,
        "overwrite": false,
        "html": false,
        "json": true,
        "reportDir": "cypress/reports"
      },
      "version": "6.2.0"
    }
  }
}