{
  "stats": {
    "suites": 0,
    "tests": 5,
    "passes": 3,
    "pending": 0,
    "failures": 2,
    "start": "2022-12-22T16:54:22.116Z",
    "end": "2022-12-22T16:54:46.195Z",
    "duration": 24079,
    "testsRegistered": 5,
    "passPercent": 60,
    "pendingPercent": 0,
    "other": 0,
    "hasOther": false,
    "skipped": 0,
    "hasSkipped": false
  },
  "results": [
    {
      "uuid": "28a06809-9a39-40dc-b436-06cd26b1bcbb",
      "title": "",
      "fullFile": "cypress\\e2e\\test_tetrapak.cy.js",
      "file": "cypress\\e2e\\test_tetrapak.cy.js",
      "beforeHooks": [],
      "afterHooks": [],
      "tests": [
        {
          "title": "login credenziali corrette",
          "fullTitle": "login credenziali corrette",
          "timedOut": null,
          "duration": 6642,
          "state": "passed",
          "speed": "medium",
          "pass": true,
          "fail": false,
          "pending": false,
          "context": null,
          "code": "//TEST1:LOGIN\n// cy.getCookies()\ncy.session('login', () => {\n  cy.visit('https://ta-dpo-aks-test-01.westeurope.cloudapp.azure.com/oiadp-portal');\n  cy.get('.login-pf-page');\n  cy.contains('Username o email');\n  cy.contains('Password');\n  cy.get('#username').type('testaccount');\n  cy.get('#password').type('userT@1234');\n  cy.get('#togglePassword').click();\n  cy.contains('Password dimenticata?');\n  cy.wait(1000);\n  cy.contains('Accedi').click();\n  cy.contains('Welcome');\n  //cy.url().should('contain', '/login-successful')\n  // cy.contains('Available Applications')\n  //  cy.contains('Material Modeler')\n  //  cy.contains('Open App').click()\n  //  cy.contains('Material Modeler')\n});",
          "err": {},
          "uuid": "7bcd6953-b953-4328-8b30-a1716d23a238",
          "parentUUID": "28a06809-9a39-40dc-b436-06cd26b1bcbb",
          "isHook": false,
          "skipped": false
        },
        {
          "title": "login password corretta,username sbagliata",
          "fullTitle": "login password corretta,username sbagliata",
          "timedOut": null,
          "duration": 3194,
          "state": "passed",
          "speed": "fast",
          "pass": true,
          "fail": false,
          "pending": false,
          "context": null,
          "code": "//TEST2:LOGIN\ncy.visit('https://ta-dpo-aks-test-01.westeurope.cloudapp.azure.com/oiadp-portal');\n// cy.getCookies()\n// cy.contains('Username o email')\n// cy.contains('Password')\ncy.get('#username').type('testaccount1');\ncy.get('#password').type('userT@1234');\n//cy.get('#togglePassword').click()\ncy.wait(1000);\ncy.get('#kc-login').click();\ncy.contains('Username o password non validi');",
          "err": {},
          "uuid": "ff16c90c-aee2-4e7e-b47c-222a7171c282",
          "parentUUID": "28a06809-9a39-40dc-b436-06cd26b1bcbb",
          "isHook": false,
          "skipped": false
        },
        {
          "title": "login password sbagliata, username corretta",
          "fullTitle": "login password sbagliata, username corretta",
          "timedOut": null,
          "duration": 8428,
          "state": "failed",
          "speed": null,
          "pass": false,
          "fail": true,
          "pending": false,
          "context": null,
          "code": "cy.visit('https://ta-dpo-aks-test-01.westeurope.cloudapp.azure.com/oiadp-portal');\n//  cy.contains('Username o email')\n//  cy.contains('Password')\ncy.get('#username').type('testaccount');\ncy.get('#password').type('userT@12345');\n//  cy.get('#togglePassword').click()\ncy.wait(1000);\ncy.get('#kc-login').click();\ncy.contains('Ciao'); //test fallito",
          "err": {
            "message": "AssertionError: Timed out retrying after 5000ms: Expected to find content: 'Ciao' but never did.",
            "estack": "AssertionError: Timed out retrying after 5000ms: Expected to find content: 'Ciao' but never did.\n    at Context.eval (webpack:///./cypress/e2e/test_tetrapak.cy.js:82:16)",
            "diff": null
          },
          "uuid": "b23bf238-8d56-4caf-84f3-63d7379bb0af",
          "parentUUID": "28a06809-9a39-40dc-b436-06cd26b1bcbb",
          "isHook": false,
          "skipped": false
        },
        {
          "title": "Material Modeler",
          "fullTitle": "Material Modeler",
          "timedOut": null,
          "duration": 279,
          "state": "failed",
          "speed": null,
          "pass": false,
          "fail": true,
          "pending": false,
          "context": null,
          "code": "//TEST4:Material Modeler\n// cy.getCookies()\ncy.session(username, () => {\n  cy.visit('https://ta-dpo-aks-test-01.westeurope.cloudapp.azure.com/oiadp-portal/material-modeler#/');\n  // cy.get('.active > img').click()\n  cy.contains('Available Applications');\n  cy.contains('Material Modeler');\n  cy.contains('Open App').click();\n  cy.contains('Material Modeler');\n});",
          "err": {
            "message": "ReferenceError: username is not defined",
            "estack": "ReferenceError: username is not defined\n    at Context.eval (webpack:///./cypress/e2e/test_tetrapak.cy.js:92:18)",
            "diff": null
          },
          "uuid": "8d1411dd-abe5-4354-8403-315bd6b9756c",
          "parentUUID": "28a06809-9a39-40dc-b436-06cd26b1bcbb",
          "isHook": false,
          "skipped": false
        },
        {
          "title": "Password dimenticata",
          "fullTitle": "Password dimenticata",
          "timedOut": null,
          "duration": 3100,
          "state": "passed",
          "speed": "fast",
          "pass": true,
          "fail": false,
          "pending": false,
          "context": null,
          "code": "//cy.getCookies()\ncy.visit('https://ta-dpo-aks-test-01.westeurope.cloudapp.azure.com/oiadp-portal/material-modeler#/');\ncy.get('#reset-password').click();\ncy.contains('Email');\ncy.contains('Please enter your email address to reset your password. If you are having trouble to reset your password please contact your local admin.');\ncy.contains('Invia');",
          "err": {},
          "uuid": "fa30a4d9-989e-40c6-8782-7df93e80381b",
          "parentUUID": "28a06809-9a39-40dc-b436-06cd26b1bcbb",
          "isHook": false,
          "skipped": false
        }
      ],
      "suites": [],
      "passes": [
        "7bcd6953-b953-4328-8b30-a1716d23a238",
        "ff16c90c-aee2-4e7e-b47c-222a7171c282",
        "fa30a4d9-989e-40c6-8782-7df93e80381b"
      ],
      "failures": [
        "b23bf238-8d56-4caf-84f3-63d7379bb0af",
        "8d1411dd-abe5-4354-8403-315bd6b9756c"
      ],
      "pending": [],
      "skipped": [],
      "duration": 21643,
      "root": true,
      "rootEmpty": false,
      "_timeout": 2000
    }
  ],
  "meta": {
    "mocha": {
      "version": "7.0.1"
    },
    "mochawesome": {
      "options": {
        "quiet": false,
        "reportFilename": "mochawesome",
        "saveHtml": false,
        "saveJson": true,
        "consoleReporter": "spec",
        "useInlineDiffs": false,
        "code": true
      },
      "version": "7.1.3"
    },
    "marge": {
      "options": {
        "charts": true,
        "overwrite": false,
        "html": false,
        "json": true,
        "reportDir": "cypress/reports"
      },
      "version": "6.2.0"
    }
  }
}