{
  "stats": {
    "suites": 0,
    "tests": 2,
    "passes": 2,
    "pending": 3,
    "failures": -3,
    "start": "2022-12-22T15:22:44.863Z",
    "end": "2022-12-22T15:22:58.503Z",
    "duration": 13640,
    "testsRegistered": 5,
    "passPercent": 100,
    "pendingPercent": 60,
    "other": 3,
    "hasOther": true,
    "skipped": 3,
    "hasSkipped": true
  },
  "results": [
    {
      "uuid": "d1f86ceb-a03d-4f3d-9017-76c07e172244",
      "title": "",
      "fullFile": "cypress\\e2e\\test_tetrapak.cy.js",
      "file": "cypress\\e2e\\test_tetrapak.cy.js",
      "beforeHooks": [],
      "afterHooks": [],
      "tests": [
        {
          "title": "login credenziali corrette",
          "fullTitle": "login credenziali corrette",
          "timedOut": null,
          "duration": 0,
          "state": "pending",
          "speed": null,
          "pass": false,
          "fail": false,
          "pending": false,
          "context": null,
          "code": "//TEST1:LOGIN\ncy.visit('https://ta-dpo-aks-test-01.westeurope.cloudapp.azure.com/oiadp-portal');\ncy.get('.login-pf-page');\ncy.contains('Username o email');\ncy.contains('Password');\ncy.get('#username').type('testaccount');\ncy.get('#password').type('userT@1234');\ncy.get('#togglePassword').click();\ncy.contains('Password dimenticata?');\ncy.wait(1000);\ncy.contains('Accedi').click();\n// cy.contains('Available Applications')\n//  cy.contains('Material Modeler')\n//  cy.contains('Open App').click()\n//  cy.contains('Material Modeler')",
          "err": {},
          "uuid": "67775143-0547-4e2f-aa14-4da629804be0",
          "parentUUID": "d1f86ceb-a03d-4f3d-9017-76c07e172244",
          "isHook": false,
          "skipped": true
        },
        {
          "title": "login password corretta,username sbagliata",
          "fullTitle": "login password corretta,username sbagliata",
          "timedOut": null,
          "duration": 0,
          "state": "pending",
          "speed": null,
          "pass": false,
          "fail": false,
          "pending": false,
          "context": null,
          "code": "//TEST2:LOGIN\ncy.visit('https://ta-dpo-aks-test-01.westeurope.cloudapp.azure.com/oiadp-portal');\n// cy.contains('Username o email')\n// cy.contains('Password')\ncy.get('#username').type('testaccount1');\ncy.get('#password').type('userT@1234');\n//cy.get('#togglePassword').click()\ncy.wait(1000);\ncy.get('#kc-login').click();\ncy.contains('Username o password non validi');",
          "err": {},
          "uuid": "ba7fe479-05b3-4410-9d66-d58b8f04f830",
          "parentUUID": "d1f86ceb-a03d-4f3d-9017-76c07e172244",
          "isHook": false,
          "skipped": true
        },
        {
          "title": "login password sbagliata, username corretta",
          "fullTitle": "login password sbagliata, username corretta",
          "timedOut": null,
          "duration": 8151,
          "state": "passed",
          "speed": "medium",
          "pass": true,
          "fail": false,
          "pending": false,
          "context": null,
          "code": "cy.visit('https://ta-dpo-aks-test-01.westeurope.cloudapp.azure.com/oiadp-portal');\n//  cy.contains('Username o email')\n//  cy.contains('Password')\ncy.get('#username').type('testaccount');\ncy.get('#password').type('userT@12345');\n//  cy.get('#togglePassword').click()\ncy.wait(1000);\ncy.get('#kc-login').click();\ncy.contains('Username o password non validi');",
          "err": {},
          "uuid": "274915cb-20c3-4f4e-8847-ddeacf7ffd67",
          "parentUUID": "d1f86ceb-a03d-4f3d-9017-76c07e172244",
          "isHook": false,
          "skipped": false
        },
        {
          "title": "Material Modeler",
          "fullTitle": "Material Modeler",
          "timedOut": null,
          "duration": 0,
          "state": "pending",
          "speed": null,
          "pass": false,
          "fail": false,
          "pending": false,
          "context": null,
          "code": "//TEST4:Material Modeler\ncy.visit('https://ta-dpo-aks-test-01.westeurope.cloudapp.azure.com/oiadp-portal/material-modeler#/');\ncy.get('.active > img').click();\ncy.contains('Available Applications');\ncy.contains('Material Modeler');\ncy.contains('Open App').click();\ncy.contains('Material Modeler');",
          "err": {},
          "uuid": "a876a4fe-4ec2-4a33-9e19-ad0e9a861933",
          "parentUUID": "d1f86ceb-a03d-4f3d-9017-76c07e172244",
          "isHook": false,
          "skipped": true
        },
        {
          "title": "Password dimenticata",
          "fullTitle": "Password dimenticata",
          "timedOut": null,
          "duration": 1627,
          "state": "passed",
          "speed": "fast",
          "pass": true,
          "fail": false,
          "pending": false,
          "context": null,
          "code": "cy.visit('https://ta-dpo-aks-test-01.westeurope.cloudapp.azure.com/oiadp-portal/material-modeler#/');\ncy.get('#reset-password').click();\ncy.contains('Email');\ncy.contains('Please enter your email address to reset your password. If you are having trouble to reset your password please contact your local admin.');\ncy.contains('Invia');",
          "err": {},
          "uuid": "e8ff2030-2802-44c1-aa9f-9f2bc679a8f1",
          "parentUUID": "d1f86ceb-a03d-4f3d-9017-76c07e172244",
          "isHook": false,
          "skipped": false
        }
      ],
      "suites": [],
      "passes": [
        "274915cb-20c3-4f4e-8847-ddeacf7ffd67",
        "e8ff2030-2802-44c1-aa9f-9f2bc679a8f1"
      ],
      "failures": [],
      "pending": [],
      "skipped": [
        "67775143-0547-4e2f-aa14-4da629804be0",
        "ba7fe479-05b3-4410-9d66-d58b8f04f830",
        "a876a4fe-4ec2-4a33-9e19-ad0e9a861933"
      ],
      "duration": 9778,
      "root": true,
      "rootEmpty": false,
      "_timeout": 2000
    }
  ],
  "meta": {
    "mocha": {
      "version": "7.0.1"
    },
    "mochawesome": {
      "options": {
        "quiet": false,
        "reportFilename": "mochawesome",
        "saveHtml": false,
        "saveJson": true,
        "consoleReporter": "spec",
        "useInlineDiffs": false,
        "code": true
      },
      "version": "7.1.3"
    },
    "marge": {
      "options": {
        "charts": true,
        "overwrite": false,
        "html": false,
        "json": true,
        "reportDir": "cypress/reports"
      },
      "version": "6.2.0"
    }
  }
}