{
  "stats": {
    "suites": 0,
    "tests": 4,
    "passes": 4,
    "pending": 1,
    "failures": -1,
    "start": "2022-12-22T15:34:44.049Z",
    "end": "2022-12-22T15:35:06.169Z",
    "duration": 22120,
    "testsRegistered": 5,
    "passPercent": 100,
    "pendingPercent": 20,
    "other": 1,
    "hasOther": true,
    "skipped": 1,
    "hasSkipped": true
  },
  "results": [
    {
      "uuid": "3a399f1d-f6cd-4f36-b3e8-9913f47a74b1",
      "title": "",
      "fullFile": "cypress\\e2e\\test_tetrapak.cy.js",
      "file": "cypress\\e2e\\test_tetrapak.cy.js",
      "beforeHooks": [],
      "afterHooks": [],
      "tests": [
        {
          "title": "login credenziali corrette",
          "fullTitle": "login credenziali corrette",
          "timedOut": null,
          "duration": 8227,
          "state": "passed",
          "speed": "medium",
          "pass": true,
          "fail": false,
          "pending": false,
          "context": null,
          "code": "//TEST1:LOGIN\ncy.visit('https://ta-dpo-aks-test-01.westeurope.cloudapp.azure.com/oiadp-portal');\ncy.get('.login-pf-page');\ncy.contains('Username o email');\ncy.contains('Password');\ncy.get('#username').type('testaccount');\ncy.get('#password').type('userT@1234');\ncy.get('#togglePassword').click();\ncy.contains('Password dimenticata?');\ncy.wait(1000);\ncy.contains('Accedi').click();\n// cy.contains('Available Applications')\n//  cy.contains('Material Modeler')\n//  cy.contains('Open App').click()\n//  cy.contains('Material Modeler')",
          "err": {},
          "uuid": "98256a62-fbce-4a0a-9fea-ef4afcf2df1a",
          "parentUUID": "3a399f1d-f6cd-4f36-b3e8-9913f47a74b1",
          "isHook": false,
          "skipped": false
        },
        {
          "title": "login password corretta,username sbagliata",
          "fullTitle": "login password corretta,username sbagliata",
          "timedOut": null,
          "duration": 4684,
          "state": "passed",
          "speed": "fast",
          "pass": true,
          "fail": false,
          "pending": false,
          "context": null,
          "code": "//TEST2:LOGIN\ncy.visit('https://ta-dpo-aks-test-01.westeurope.cloudapp.azure.com/oiadp-portal');\n// cy.contains('Username o email')\n// cy.contains('Password')\ncy.get('#username').type('testaccount1');\ncy.get('#password').type('userT@1234');\n//cy.get('#togglePassword').click()\ncy.wait(1000);\ncy.get('#kc-login').click();\ncy.contains('Username o password non validi');",
          "err": {},
          "uuid": "0626a167-0f23-4868-8fb9-043d3f99b96e",
          "parentUUID": "3a399f1d-f6cd-4f36-b3e8-9913f47a74b1",
          "isHook": false,
          "skipped": false
        },
        {
          "title": "login password sbagliata, username corretta",
          "fullTitle": "login password sbagliata, username corretta",
          "timedOut": null,
          "duration": 4173,
          "state": "passed",
          "speed": "fast",
          "pass": true,
          "fail": false,
          "pending": false,
          "context": null,
          "code": "cy.visit('https://ta-dpo-aks-test-01.westeurope.cloudapp.azure.com/oiadp-portal');\n//  cy.contains('Username o email')\n//  cy.contains('Password')\ncy.get('#username').type('testaccount');\ncy.get('#password').type('userT@12345');\n//  cy.get('#togglePassword').click()\ncy.wait(1000);\ncy.get('#kc-login').click();\ncy.contains('Username o password non validi');",
          "err": {},
          "uuid": "f2e1957f-be8e-497c-b6f2-87e85fe45fe1",
          "parentUUID": "3a399f1d-f6cd-4f36-b3e8-9913f47a74b1",
          "isHook": false,
          "skipped": false
        },
        {
          "title": "Material Modeler",
          "fullTitle": "Material Modeler",
          "timedOut": null,
          "duration": 0,
          "state": "pending",
          "speed": null,
          "pass": false,
          "fail": false,
          "pending": false,
          "context": null,
          "code": "//TEST4:Material Modeler\ncy.visit('https://ta-dpo-aks-test-01.westeurope.cloudapp.azure.com/oiadp-portal/material-modeler#/');\ncy.get('.active > img').click();\ncy.contains('Available Applications');\ncy.contains('Material Modeler');\ncy.contains('Open App').click();\ncy.contains('Material Modeler');",
          "err": {},
          "uuid": "bf6ec056-b175-4377-817b-1541fd90bec3",
          "parentUUID": "3a399f1d-f6cd-4f36-b3e8-9913f47a74b1",
          "isHook": false,
          "skipped": true
        },
        {
          "title": "Password dimenticata",
          "fullTitle": "Password dimenticata",
          "timedOut": null,
          "duration": 1687,
          "state": "passed",
          "speed": "fast",
          "pass": true,
          "fail": false,
          "pending": false,
          "context": null,
          "code": "cy.visit('https://ta-dpo-aks-test-01.westeurope.cloudapp.azure.com/oiadp-portal/material-modeler#/');\ncy.get('#reset-password').click();\ncy.contains('Email');\ncy.contains('Please enter your email address to reset your password. If you are having trouble to reset your password please contact your local admin.');\ncy.contains('Invia');",
          "err": {},
          "uuid": "22d9b1fc-f59b-439c-87a5-b62205213cd5",
          "parentUUID": "3a399f1d-f6cd-4f36-b3e8-9913f47a74b1",
          "isHook": false,
          "skipped": false
        }
      ],
      "suites": [],
      "passes": [
        "98256a62-fbce-4a0a-9fea-ef4afcf2df1a",
        "0626a167-0f23-4868-8fb9-043d3f99b96e",
        "f2e1957f-be8e-497c-b6f2-87e85fe45fe1",
        "22d9b1fc-f59b-439c-87a5-b62205213cd5"
      ],
      "failures": [],
      "pending": [],
      "skipped": [
        "bf6ec056-b175-4377-817b-1541fd90bec3"
      ],
      "duration": 18771,
      "root": true,
      "rootEmpty": false,
      "_timeout": 2000
    }
  ],
  "meta": {
    "mocha": {
      "version": "7.0.1"
    },
    "mochawesome": {
      "options": {
        "quiet": false,
        "reportFilename": "mochawesome",
        "saveHtml": false,
        "saveJson": true,
        "consoleReporter": "spec",
        "useInlineDiffs": false,
        "code": true
      },
      "version": "7.1.3"
    },
    "marge": {
      "options": {
        "charts": true,
        "overwrite": false,
        "html": false,
        "json": true,
        "reportDir": "cypress/reports"
      },
      "version": "6.2.0"
    }
  }
}