{
  "stats": {
    "suites": 0,
    "tests": 4,
    "passes": 2,
    "pending": 1,
    "failures": 1,
    "start": "2023-01-09T13:52:17.313Z",
    "end": "2023-01-09T13:52:43.927Z",
    "duration": 26614,
    "testsRegistered": 5,
    "passPercent": 50,
    "pendingPercent": 20,
    "other": 1,
    "hasOther": true,
    "skipped": 1,
    "hasSkipped": true
  },
  "results": [
    {
      "uuid": "0a54d875-d27c-49e7-838f-cd739663a940",
      "title": "",
      "fullFile": "cypress\\e2e\\test_tetrapak.cy.js",
      "file": "cypress\\e2e\\test_tetrapak.cy.js",
      "beforeHooks": [],
      "afterHooks": [],
      "tests": [
        {
          "title": "login credenziali corrette",
          "fullTitle": "login credenziali corrette",
          "timedOut": null,
          "duration": 6786,
          "state": "passed",
          "speed": "medium",
          "pass": true,
          "fail": false,
          "pending": false,
          "context": null,
          "code": "//TEST1:LOGIN\n// cy.getCookies()\ncy.session('login', () => {\n  cy.visit('https://ta-dpo-aks-test-01.westeurope.cloudapp.azure.com/oiadp-portal');\n  cy.get('.login-pf-page');\n  cy.contains('Username o email');\n  cy.contains('Password');\n  cy.get('#username').type('testaccount');\n  cy.get('#password').type('userT@1234');\n  cy.get('#togglePassword').click();\n  cy.contains('Password dimenticata?');\n  cy.wait(1000);\n  cy.contains('Accedi').click();\n  cy.contains('Welcome');\n  //cy.url().should('contain', '/login-successful')\n  // cy.contains('Available Applications')\n  //  cy.contains('Material Modeler')\n  //  cy.contains('Open App').click()\n  //  cy.contains('Material Modeler')\n});",
          "err": {},
          "uuid": "2da81d83-0adc-4589-946e-c7c142e42e82",
          "parentUUID": "0a54d875-d27c-49e7-838f-cd739663a940",
          "isHook": false,
          "skipped": false
        },
        {
          "title": "login password corretta,username sbagliata",
          "fullTitle": "login password corretta,username sbagliata",
          "timedOut": null,
          "duration": 0,
          "state": "pending",
          "speed": null,
          "pass": false,
          "fail": false,
          "pending": false,
          "context": null,
          "code": "//TEST2:LOGIN\ncy.visit('https://ta-dpo-aks-test-01.westeurope.cloudapp.azure.com/oiadp-portal');\n// cy.getCookies()\n// cy.contains('Username o email')\n// cy.contains('Password')\ncy.get('#username').type('testaccount1');\ncy.get('#password').type('userT@1234');\n//cy.get('#togglePassword').click()\ncy.wait(1000);\ncy.get('#kc-login').click();\ncy.contains('Username o password non validi');",
          "err": {},
          "uuid": "438bd479-6967-4d8c-b81d-aec72f86bae3",
          "parentUUID": "0a54d875-d27c-49e7-838f-cd739663a940",
          "isHook": false,
          "skipped": true
        },
        {
          "title": "login password sbagliata, username corretta",
          "fullTitle": "login password sbagliata, username corretta",
          "timedOut": null,
          "duration": 8647,
          "state": "failed",
          "speed": null,
          "pass": false,
          "fail": true,
          "pending": false,
          "context": null,
          "code": "cy.visit('https://ta-dpo-aks-test-01.westeurope.cloudapp.azure.com/oiadp-portal');\n//  cy.contains('Username o email')\n//  cy.contains('Password')\ncy.get('#username').type('testaccount');\ncy.get('#password').type('userT@12345');\n//  cy.get('#togglePassword').click()\ncy.wait(1000);\ncy.get('#kc-login').click();\ncy.contains('Ciao'); //test fallito",
          "err": {
            "message": "AssertionError: Timed out retrying after 5000ms: Expected to find content: 'Ciao' but never did.",
            "estack": "AssertionError: Timed out retrying after 5000ms: Expected to find content: 'Ciao' but never did.\n    at Context.eval (webpack:///./cypress/e2e/test_tetrapak.cy.js:82:16)",
            "diff": null
          },
          "uuid": "27658630-27ee-4c1d-85b2-9ea01b41992b",
          "parentUUID": "0a54d875-d27c-49e7-838f-cd739663a940",
          "isHook": false,
          "skipped": false
        },
        {
          "title": "Material Modeler",
          "fullTitle": "Material Modeler",
          "timedOut": null,
          "duration": 7174,
          "state": "failed",
          "speed": null,
          "pass": false,
          "fail": true,
          "pending": false,
          "context": null,
          "code": "//TEST4:Material Modeler\n// cy.getCookies()\n//cy.session(username, () => {\ncy.visit('https://ta-dpo-aks-test-01.westeurope.cloudapp.azure.com/oiadp-portal/material-modeler#/');\n// cy.get('.active > img').click()\ncy.contains('Available Applications');\ncy.contains('Material Modeler');\ncy.contains('Open App').click();\ncy.contains('Material Modeler');",
          "err": {
            "message": "AssertionError: Timed out retrying after 5000ms: Expected to find content: 'Available Applications' but never did.",
            "estack": "AssertionError: Timed out retrying after 5000ms: Expected to find content: 'Available Applications' but never did.\n    at Context.eval (webpack:///./cypress/e2e/test_tetrapak.cy.js:97:11)",
            "diff": null
          },
          "uuid": "fbd9d549-543e-46ec-ae0b-0353fb3a060c",
          "parentUUID": "0a54d875-d27c-49e7-838f-cd739663a940",
          "isHook": false,
          "skipped": false
        },
        {
          "title": "Password dimenticata",
          "fullTitle": "Password dimenticata",
          "timedOut": null,
          "duration": 1527,
          "state": "passed",
          "speed": "fast",
          "pass": true,
          "fail": false,
          "pending": false,
          "context": null,
          "code": "//cy.getCookies()\ncy.visit('https://ta-dpo-aks-test-01.westeurope.cloudapp.azure.com/oiadp-portal/material-modeler#/');\ncy.get('#reset-password').click();\ncy.contains('Email');\ncy.contains('Please enter your email address to reset your password. If you are having trouble to reset your password please contact your local admin.');\ncy.contains('Invia');",
          "err": {},
          "uuid": "5c11fb16-1105-4c11-90a7-511b3161c433",
          "parentUUID": "0a54d875-d27c-49e7-838f-cd739663a940",
          "isHook": false,
          "skipped": false
        }
      ],
      "suites": [],
      "passes": [
        "2da81d83-0adc-4589-946e-c7c142e42e82",
        "5c11fb16-1105-4c11-90a7-511b3161c433"
      ],
      "failures": [
        "27658630-27ee-4c1d-85b2-9ea01b41992b",
        "fbd9d549-543e-46ec-ae0b-0353fb3a060c"
      ],
      "pending": [],
      "skipped": [
        "438bd479-6967-4d8c-b81d-aec72f86bae3"
      ],
      "duration": 24134,
      "root": true,
      "rootEmpty": false,
      "_timeout": 2000
    }
  ],
  "meta": {
    "mocha": {
      "version": "7.0.1"
    },
    "mochawesome": {
      "options": {
        "quiet": false,
        "reportFilename": "mochawesome",
        "saveHtml": false,
        "saveJson": true,
        "consoleReporter": "spec",
        "useInlineDiffs": false,
        "code": true
      },
      "version": "7.1.3"
    },
    "marge": {
      "options": {
        "charts": true,
        "overwrite": false,
        "html": false,
        "json": true,
        "reportDir": "cypress/reports"
      },
      "version": "6.2.0"
    }
  }
}