{
  "stats": {
    "suites": 0,
    "tests": 5,
    "passes": 3,
    "pending": 0,
    "failures": 2,
    "start": "2022-12-23T11:23:53.413Z",
    "end": "2022-12-23T11:24:31.512Z",
    "duration": 38099,
    "testsRegistered": 5,
    "passPercent": 60,
    "pendingPercent": 0,
    "other": 0,
    "hasOther": false,
    "skipped": 0,
    "hasSkipped": false
  },
  "results": [
    {
      "uuid": "060ada55-4c79-4b48-b36d-c2dd14c871f8",
      "title": "",
      "fullFile": "cypress\\e2e\\test_tetrapak.cy.js",
      "file": "cypress\\e2e\\test_tetrapak.cy.js",
      "beforeHooks": [],
      "afterHooks": [],
      "tests": [
        {
          "title": "login credenziali corrette",
          "fullTitle": "login credenziali corrette",
          "timedOut": null,
          "duration": 8581,
          "state": "passed",
          "speed": "medium",
          "pass": true,
          "fail": false,
          "pending": false,
          "context": null,
          "code": "//TEST1:LOGIN\n// cy.getCookies()\ncy.session('login', () => {\n  cy.visit('https://ta-dpo-aks-test-01.westeurope.cloudapp.azure.com/oiadp-portal');\n  cy.get('.login-pf-page');\n  cy.contains('Username o email');\n  cy.contains('Password');\n  cy.get('#username').type('testaccount');\n  cy.get('#password').type('userT@1234');\n  cy.get('#togglePassword').click();\n  cy.contains('Password dimenticata?');\n  cy.wait(1000);\n  cy.contains('Accedi').click();\n  cy.contains('Welcome');\n  //cy.url().should('contain', '/login-successful')\n  // cy.contains('Available Applications')\n  //  cy.contains('Material Modeler')\n  //  cy.contains('Open App').click()\n  //  cy.contains('Material Modeler')\n});",
          "err": {},
          "uuid": "ba019d28-6207-43dc-95b6-8248995d0c8b",
          "parentUUID": "060ada55-4c79-4b48-b36d-c2dd14c871f8",
          "isHook": false,
          "skipped": false
        },
        {
          "title": "login password corretta,username sbagliata",
          "fullTitle": "login password corretta,username sbagliata",
          "timedOut": null,
          "duration": 4379,
          "state": "passed",
          "speed": "fast",
          "pass": true,
          "fail": false,
          "pending": false,
          "context": null,
          "code": "//TEST2:LOGIN\ncy.visit('https://ta-dpo-aks-test-01.westeurope.cloudapp.azure.com/oiadp-portal');\n// cy.getCookies()\n// cy.contains('Username o email')\n// cy.contains('Password')\ncy.get('#username').type('testaccount1');\ncy.get('#password').type('userT@1234');\n//cy.get('#togglePassword').click()\ncy.wait(1000);\ncy.get('#kc-login').click();\ncy.contains('Username o password non validi');",
          "err": {},
          "uuid": "e2c46a3c-9186-480a-aec5-261f7de197ff",
          "parentUUID": "060ada55-4c79-4b48-b36d-c2dd14c871f8",
          "isHook": false,
          "skipped": false
        },
        {
          "title": "login password sbagliata, username corretta",
          "fullTitle": "login password sbagliata, username corretta",
          "timedOut": null,
          "duration": 10098,
          "state": "failed",
          "speed": null,
          "pass": false,
          "fail": true,
          "pending": false,
          "context": null,
          "code": "cy.visit('https://ta-dpo-aks-test-01.westeurope.cloudapp.azure.com/oiadp-portal');\n//  cy.contains('Username o email')\n//  cy.contains('Password')\ncy.get('#username').type('testaccount');\ncy.get('#password').type('userT@12345');\n//  cy.get('#togglePassword').click()\ncy.wait(1000);\ncy.get('#kc-login').click();\ncy.contains('Ciao'); //test fallito",
          "err": {
            "message": "AssertionError: Timed out retrying after 5000ms: Expected to find content: 'Ciao' but never did.",
            "estack": "AssertionError: Timed out retrying after 5000ms: Expected to find content: 'Ciao' but never did.\n    at Context.eval (webpack:///./cypress/e2e/test_tetrapak.cy.js:82:16)",
            "diff": null
          },
          "uuid": "8455e43f-cb91-4523-a69b-65ae11619ec4",
          "parentUUID": "060ada55-4c79-4b48-b36d-c2dd14c871f8",
          "isHook": false,
          "skipped": false
        },
        {
          "title": "Material Modeler",
          "fullTitle": "Material Modeler",
          "timedOut": null,
          "duration": 9555,
          "state": "failed",
          "speed": null,
          "pass": false,
          "fail": true,
          "pending": false,
          "context": null,
          "code": "//TEST4:Material Modeler\n// cy.getCookies()\n//cy.session(username, () => {\ncy.visit('https://ta-dpo-aks-test-01.westeurope.cloudapp.azure.com/oiadp-portal/material-modeler#/');\n// cy.get('.active > img').click()\ncy.contains('Available Applications');\ncy.contains('Material Modeler');\ncy.contains('Open App').click();\ncy.contains('Material Modeler');",
          "err": {
            "message": "AssertionError: Timed out retrying after 5000ms: Expected to find content: 'Available Applications' but never did.",
            "estack": "AssertionError: Timed out retrying after 5000ms: Expected to find content: 'Available Applications' but never did.\n    at Context.eval (webpack:///./cypress/e2e/test_tetrapak.cy.js:97:11)",
            "diff": null
          },
          "uuid": "d47d9bde-b0f8-4aad-af93-f3e798fee19d",
          "parentUUID": "060ada55-4c79-4b48-b36d-c2dd14c871f8",
          "isHook": false,
          "skipped": false
        },
        {
          "title": "Password dimenticata",
          "fullTitle": "Password dimenticata",
          "timedOut": null,
          "duration": 2627,
          "state": "passed",
          "speed": "fast",
          "pass": true,
          "fail": false,
          "pending": false,
          "context": null,
          "code": "//cy.getCookies()\ncy.visit('https://ta-dpo-aks-test-01.westeurope.cloudapp.azure.com/oiadp-portal/material-modeler#/');\ncy.get('#reset-password').click();\ncy.contains('Email');\ncy.contains('Please enter your email address to reset your password. If you are having trouble to reset your password please contact your local admin.');\ncy.contains('Invia');",
          "err": {},
          "uuid": "5b53d62f-e6d5-43c2-b335-796829c518d2",
          "parentUUID": "060ada55-4c79-4b48-b36d-c2dd14c871f8",
          "isHook": false,
          "skipped": false
        }
      ],
      "suites": [],
      "passes": [
        "ba019d28-6207-43dc-95b6-8248995d0c8b",
        "e2c46a3c-9186-480a-aec5-261f7de197ff",
        "5b53d62f-e6d5-43c2-b335-796829c518d2"
      ],
      "failures": [
        "8455e43f-cb91-4523-a69b-65ae11619ec4",
        "d47d9bde-b0f8-4aad-af93-f3e798fee19d"
      ],
      "pending": [],
      "skipped": [],
      "duration": 35240,
      "root": true,
      "rootEmpty": false,
      "_timeout": 2000
    }
  ],
  "meta": {
    "mocha": {
      "version": "7.0.1"
    },
    "mochawesome": {
      "options": {
        "quiet": false,
        "reportFilename": "mochawesome",
        "saveHtml": false,
        "saveJson": true,
        "consoleReporter": "spec",
        "useInlineDiffs": false,
        "code": true
      },
      "version": "7.1.3"
    },
    "marge": {
      "options": {
        "charts": true,
        "overwrite": false,
        "html": false,
        "json": true,
        "reportDir": "cypress/reports"
      },
      "version": "6.2.0"
    }
  }
}